2020-12-09 15:23:36,193 INFO o.a.j.u.JMeterUtils: Setting Locale to en_GB
2020-12-09 15:23:36,201 INFO o.a.j.JMeter: Loading user properties from: user.properties
2020-12-09 15:23:36,202 INFO o.a.j.JMeter: Loading system properties from: system.properties
2020-12-09 15:23:36,204 INFO o.a.j.JMeter: Copyright (c) 1998-2020 The Apache Software Foundation
2020-12-09 15:23:36,204 INFO o.a.j.JMeter: Version 5.3
2020-12-09 15:23:36,204 INFO o.a.j.JMeter: java.version=1.8.0_271
2020-12-09 15:23:36,204 INFO o.a.j.JMeter: java.vm.name=Java HotSpot(TM) Client VM
2020-12-09 15:23:36,204 INFO o.a.j.JMeter: os.name=Windows 10
2020-12-09 15:23:36,204 INFO o.a.j.JMeter: os.arch=x86
2020-12-09 15:23:36,204 INFO o.a.j.JMeter: os.version=10.0
2020-12-09 15:23:36,204 INFO o.a.j.JMeter: file.encoding=Cp1252
2020-12-09 15:23:36,204 INFO o.a.j.JMeter: java.awt.headless=null
2020-12-09 15:23:36,204 INFO o.a.j.JMeter: Max memory     =259522560
2020-12-09 15:23:36,204 INFO o.a.j.JMeter: Available Processors =8
2020-12-09 15:23:36,207 INFO o.a.j.JMeter: Default Locale=English (United Kingdom)
2020-12-09 15:23:36,207 INFO o.a.j.JMeter: JMeter  Locale=English (United Kingdom)
2020-12-09 15:23:36,207 INFO o.a.j.JMeter: JMeterHome=C:\Users\Dmitriy Tyulin\Desktop\apache-jmeter-5.3
2020-12-09 15:23:36,207 INFO o.a.j.JMeter: user.dir  =C:\Users\Dmitriy Tyulin\Desktop\apache-jmeter-5.3\bin
2020-12-09 15:23:36,208 INFO o.a.j.JMeter: PWD       =C:\Users\Dmitriy Tyulin\Desktop\apache-jmeter-5.3\bin
2020-12-09 15:23:36,209 INFO o.a.j.JMeter: IP: 192.168.223.94 Name: LP10050 FullName: LP10050
2020-12-09 15:23:36,292 INFO o.a.j.JMeter: Setting LAF to: com.github.weisj.darklaf.DarkLaf:com.github.weisj.darklaf.theme.DarculaTheme
2020-12-09 15:23:36,439 INFO o.a.j.JMeter: Loaded icon properties from org/apache/jmeter/images/icon.properties
